# JRE version: OpenJDK Runtime Environment Temurin-21.0.8+9 (21.0.8+9) (build 21.0.8+9-LTS)
# Java VM: OpenJDK 64-Bit Server VM Temurin-21.0.8+9 (21.0.8+9-LTS, mixed mode, sharing, tiered, compressed oops, compressed class ptrs, parallel gc, windows-amd64)
GC Precious Log:
 CardTable entry size: 512
 CPUs: 12 total, 12 available
 Memory: 16235M
 Large Page Support: Disabled
 NUMA Support: Disabled
 Compressed Oops: Enabled (32-bit)
 Alignments: Space 512K, Generation 512K, Heap 2M
 Heap Min Capacity: 100M
 Heap Initial Capacity: 100M
 Heap Max Capacity: 2G
 Pre-touch: Disabled
 Parallel Workers: 10
Heap:
 PSYoungGen      total 9728K, used 6201K [0x00000000d5580000, 0x00000000d6000000, 0x0000000100000000)
  eden space 8704K, 63% used [0x00000000d5580000,0x00000000d5aeeed8,0x00000000d5e00000)
  from space 1024K, 64% used [0x00000000d5f00000,0x00000000d5fa4030,0x00000000d6000000)
  to   space 1024K, 0% used [0x00000000d5e00000,0x00000000d5e00000,0x00000000d5f00000)
 ParOldGen       total 1398272K, used 940106K [0x0000000080000000, 0x00000000d5580000, 0x00000000d5580000)
  object space 1398272K, 67% used [0x0000000080000000,0x00000000b9612910,0x00000000d5580000)
 Metaspace       used 91290K, committed 92992K, reserved 1179648K
  class space    used 9282K, committed 10112K, reserved 1048576K
GC Heap History (20 events):
Event: 9957.461 GC heap before
{Heap before GC invocations=6760 (full 6):
 PSYoungGen      total 8192K, used 8087K [0x00000000d5580000, 0x00000000d5e80000, 0x0000000100000000)
  eden space 7168K, 99% used [0x00000000d5580000,0x00000000d5c7b5c0,0x00000000d5c80000)
  from space 1024K, 91% used [0x00000000d5d80000,0x00000000d5e6a930,0x00000000d5e80000)
  to   space 1024K, 0% used [0x00000000d5c80000,0x00000000d5c80000,0x00000000d5d80000)
 ParOldGen       total 1398272K, used 934160K [0x0000000080000000, 0x00000000d5580000, 0x00000000d5580000)
  object space 1398272K, 66% used [0x0000000080000000,0x00000000b9044270,0x00000000d5580000)
 Metaspace       used 91260K, committed 92992K, reserved 1179648K
  class space    used 9282K, committed 10112K, reserved 1048576K
}
Event: 9957.477 GC heap after
{Heap after GC invocations=6760 (full 6):
 PSYoungGen      total 8192K, used 1020K [0x00000000d5580000, 0x00000000d6200000, 0x0000000100000000)
  eden space 7168K, 0% used [0x00000000d5580000,0x00000000d5580000,0x00000000d5c80000)
  from space 1024K, 99% used [0x00000000d5c80000,0x00000000d5d7f2a0,0x00000000d5d80000)
  to   space 2048K, 0% used [0x00000000d6000000,0x00000000d6000000,0x00000000d6200000)
 ParOldGen       total 1398272K, used 934927K [0x0000000080000000, 0x00000000d5580000, 0x00000000d5580000)
  object space 1398272K, 66% used [0x0000000080000000,0x00000000b9103e30,0x00000000d5580000)
 Metaspace       used 91260K, committed 92992K, reserved 1179648K
  class space    used 9282K, committed 10112K, reserved 1048576K
}
Event: 9957.497 GC heap before
{Heap before GC invocations=6761 (full 6):
 PSYoungGen      total 8192K, used 8183K [0x00000000d5580000, 0x00000000d6200000, 0x0000000100000000)
  eden space 7168K, 99% used [0x00000000d5580000,0x00000000d5c7ea08,0x00000000d5c80000)
  from space 1024K, 99% used [0x00000000d5c80000,0x00000000d5d7f2a0,0x00000000d5d80000)
  to   space 2048K, 0% used [0x00000000d6000000,0x00000000d6000000,0x00000000d6200000)
 ParOldGen       total 1398272K, used 934927K [0x0000000080000000, 0x00000000d5580000, 0x00000000d5580000)
  object space 1398272K, 66% used [0x0000000080000000,0x00000000b9103e30,0x00000000d5580000)
 Metaspace       used 91260K, committed 92992K, reserved 1179648K
  class space    used 9282K, committed 10112K, reserved 1048576K
}
Event: 9957.512 GC heap after
{Heap after GC invocations=6761 (full 6):
 PSYoungGen      total 9728K, used 2035K [0x00000000d5580000, 0x00000000d6400000, 0x0000000100000000)
  eden space 7680K, 0% used [0x00000000d5580000,0x00000000d5580000,0x00000000d5d00000)
  from space 2048K, 99% used [0x00000000d6000000,0x00000000d61fce40,0x00000000d6200000)
  to   space 3072K, 0% used [0x00000000d5d00000,0x00000000d5d00000,0x00000000d6000000)
 ParOldGen       total 1398272K, used 935310K [0x0000000080000000, 0x00000000d5580000, 0x00000000d5580000)
  object space 1398272K, 66% used [0x0000000080000000,0x00000000b9163b40,0x00000000d5580000)
 Metaspace       used 91260K, committed 92992K, reserved 1179648K
  class space    used 9282K, committed 10112K, reserved 1048576K
}
Event: 9957.549 GC heap before
{Heap before GC invocations=6762 (full 6):
 PSYoungGen      total 9728K, used 9715K [0x00000000d5580000, 0x00000000d6400000, 0x0000000100000000)
  eden space 7680K, 100% used [0x00000000d5580000,0x00000000d5d00000,0x00000000d5d00000)
  from space 2048K, 99% used [0x00000000d6000000,0x00000000d61fce40,0x00000000d6200000)
  to   space 3072K, 0% used [0x00000000d5d00000,0x00000000d5d00000,0x00000000d6000000)
 ParOldGen       total 1398272K, used 935310K [0x0000000080000000, 0x00000000d5580000, 0x00000000d5580000)
  object space 1398272K, 66% used [0x0000000080000000,0x00000000b9163b40,0x00000000d5580000)
 Metaspace       used 91263K, committed 92992K, reserved 1179648K
  class space    used 9282K, committed 10112K, reserved 1048576K
}
Event: 9957.553 GC heap after
{Heap after GC invocations=6762 (full 6):
 PSYoungGen      total 8192K, used 474K [0x00000000d5580000, 0x00000000d6080000, 0x0000000100000000)
  eden space 7680K, 0% used [0x00000000d5580000,0x00000000d5580000,0x00000000d5d00000)
  from space 512K, 92% used [0x00000000d5d00000,0x00000000d5d76900,0x00000000d5d80000)
  to   space 1536K, 0% used [0x00000000d5f00000,0x00000000d5f00000,0x00000000d6080000)
 ParOldGen       total 1398272K, used 935593K [0x0000000080000000, 0x00000000d5580000, 0x00000000d5580000)
  object space 1398272K, 66% used [0x0000000080000000,0x00000000b91aa440,0x00000000d5580000)
 Metaspace       used 91263K, committed 92992K, reserved 1179648K
  class space    used 9282K, committed 10112K, reserved 1048576K
}
Event: 9957.597 GC heap before
{Heap before GC invocations=6763 (full 6):
 PSYoungGen      total 8192K, used 7597K [0x00000000d5580000, 0x00000000d6080000, 0x0000000100000000)
  eden space 7680K, 92% used [0x00000000d5580000,0x00000000d5c74d58,0x00000000d5d00000)
  from space 512K, 92% used [0x00000000d5d00000,0x00000000d5d76900,0x00000000d5d80000)
  to   space 1536K, 0% used [0x00000000d5f00000,0x00000000d5f00000,0x00000000d6080000)
 ParOldGen       total 1398272K, used 935593K [0x0000000080000000, 0x00000000d5580000, 0x00000000d5580000)
  object space 1398272K, 66% used [0x0000000080000000,0x00000000b91aa440,0x00000000d5580000)
 Metaspace       used 91263K, committed 92992K, reserved 1179648K
  class space    used 9282K, committed 10112K, reserved 1048576K
}
Event: 9957.601 GC heap after
{Heap after GC invocations=6763 (full 6):
 PSYoungGen      total 8192K, used 314K [0x00000000d5580000, 0x00000000d5f80000, 0x0000000100000000)
  eden space 7680K, 0% used [0x00000000d5580000,0x00000000d5580000,0x00000000d5d00000)
  from space 512K, 61% used [0x00000000d5f00000,0x00000000d5f4e900,0x00000000d5f80000)
  to   space 512K, 0% used [0x00000000d5d00000,0x00000000d5d00000,0x00000000d5d80000)
 ParOldGen       total 1398272K, used 935873K [0x0000000080000000, 0x00000000d5580000, 0x00000000d5580000)
  object space 1398272K, 66% used [0x0000000080000000,0x00000000b91f07a8,0x00000000d5580000)
 Metaspace       used 91263K, committed 92992K, reserved 1179648K
  class space    used 9282K, committed 10112K, reserved 1048576K
}
Event: 9957.636 GC heap before
{Heap before GC invocations=6764 (full 6):
 PSYoungGen      total 8192K, used 7994K [0x00000000d5580000, 0x00000000d5f80000, 0x0000000100000000)
  eden space 7680K, 100% used [0x00000000d5580000,0x00000000d5d00000,0x00000000d5d00000)
  from space 512K, 61% used [0x00000000d5f00000,0x00000000d5f4e900,0x00000000d5f80000)
  to   space 512K, 0% used [0x00000000d5d00000,0x00000000d5d00000,0x00000000d5d80000)
 ParOldGen       total 1398272K, used 935873K [0x0000000080000000, 0x00000000d5580000, 0x00000000d5580000)
  object space 1398272K, 66% used [0x0000000080000000,0x00000000b91f07a8,0x00000000d5580000)
 Metaspace       used 91263K, committed 92992K, reserved 1179648K
  class space    used 9282K, committed 10112K, reserved 1048576K
}
Event: 9957.639 GC heap after
{Heap after GC invocations=6764 (full 6):
 PSYoungGen      total 8192K, used 282K [0x00000000d5580000, 0x00000000d5f80000, 0x0000000100000000)
  eden space 7680K, 0% used [0x00000000d5580000,0x00000000d5580000,0x00000000d5d00000)
  from space 512K, 55% used [0x00000000d5d00000,0x00000000d5d46900,0x00000000d5d80000)
  to   space 512K, 0% used [0x00000000d5f00000,0x00000000d5f00000,0x00000000d5f80000)
 ParOldGen       total 1398272K, used 935873K [0x0000000080000000, 0x00000000d5580000, 0x00000000d5580000)
  object space 1398272K, 66% used [0x0000000080000000,0x00000000b91f07a8,0x00000000d5580000)
 Metaspace       used 91263K, committed 92992K, reserved 1179648K
  class space    used 9282K, committed 10112K, reserved 1048576K
}
Event: 9957.675 GC heap before
{Heap before GC invocations=6765 (full 6):
 PSYoungGen      total 8192K, used 7962K [0x00000000d5580000, 0x00000000d5f80000, 0x0000000100000000)
  eden space 7680K, 99% used [0x00000000d5580000,0x00000000d5cfff88,0x00000000d5d00000)
  from space 512K, 55% used [0x00000000d5d00000,0x00000000d5d46900,0x00000000d5d80000)
  to   space 512K, 0% used [0x00000000d5f00000,0x00000000d5f00000,0x00000000d5f80000)
 ParOldGen       total 1398272K, used 935873K [0x0000000080000000, 0x00000000d5580000, 0x00000000d5580000)
  object space 1398272K, 66% used [0x0000000080000000,0x00000000b91f07a8,0x00000000d5580000)
 Metaspace       used 91266K, committed 92992K, reserved 1179648K
  class space    used 9282K, committed 10112K, reserved 1048576K
}
Event: 9957.680 GC heap after
{Heap after GC invocations=6765 (full 6):
 PSYoungGen      total 8192K, used 192K [0x00000000d5580000, 0x00000000d5f80000, 0x0000000100000000)
  eden space 7680K, 0% used [0x00000000d5580000,0x00000000d5580000,0x00000000d5d00000)
  from space 512K, 37% used [0x00000000d5f00000,0x00000000d5f30000,0x00000000d5f80000)
  to   space 512K, 0% used [0x00000000d5d00000,0x00000000d5d00000,0x00000000d5d80000)
 ParOldGen       total 1398272K, used 935882K [0x0000000080000000, 0x00000000d5580000, 0x00000000d5580000)
  object space 1398272K, 66% used [0x0000000080000000,0x00000000b91f2bf8,0x00000000d5580000)
 Metaspace       used 91266K, committed 92992K, reserved 1179648K
  class space    used 9282K, committed 10112K, reserved 1048576K
}
Event: 9957.716 GC heap before
{Heap before GC invocations=6766 (full 6):
 PSYoungGen      total 8192K, used 7872K [0x00000000d5580000, 0x00000000d5f80000, 0x0000000100000000)
  eden space 7680K, 100% used [0x00000000d5580000,0x00000000d5d00000,0x00000000d5d00000)
  from space 512K, 37% used [0x00000000d5f00000,0x00000000d5f30000,0x00000000d5f80000)
  to   space 512K, 0% used [0x00000000d5d00000,0x00000000d5d00000,0x00000000d5d80000)
 ParOldGen       total 1398272K, used 935882K [0x0000000080000000, 0x00000000d5580000, 0x00000000d5580000)
  object space 1398272K, 66% used [0x0000000080000000,0x00000000b91f2bf8,0x00000000d5580000)
 Metaspace       used 91266K, committed 92992K, reserved 1179648K
  class space    used 9282K, committed 10112K, reserved 1048576K
}
Event: 9957.720 GC heap after
{Heap after GC invocations=6766 (full 6):
 PSYoungGen      total 8192K, used 244K [0x00000000d5580000, 0x00000000d5f80000, 0x0000000100000000)
  eden space 7680K, 0% used [0x00000000d5580000,0x00000000d5580000,0x00000000d5d00000)
  from space 512K, 47% used [0x00000000d5d00000,0x00000000d5d3d200,0x00000000d5d80000)
  to   space 512K, 0% used [0x00000000d5f00000,0x00000000d5f00000,0x00000000d5f80000)
 ParOldGen       total 1398272K, used 935882K [0x0000000080000000, 0x00000000d5580000, 0x00000000d5580000)
  object space 1398272K, 66% used [0x0000000080000000,0x00000000b91f2bf8,0x00000000d5580000)
 Metaspace       used 91266K, committed 92992K, reserved 1179648K
  class space    used 9282K, committed 10112K, reserved 1048576K
}
Event: 9957.765 GC heap before
{Heap before GC invocations=6767 (full 6):
 PSYoungGen      total 8192K, used 7924K [0x00000000d5580000, 0x00000000d5f80000, 0x0000000100000000)
  eden space 7680K, 100% used [0x00000000d5580000,0x00000000d5d00000,0x00000000d5d00000)
  from space 512K, 47% used [0x00000000d5d00000,0x00000000d5d3d200,0x00000000d5d80000)
  to   space 512K, 0% used [0x00000000d5f00000,0x00000000d5f00000,0x00000000d5f80000)
 ParOldGen       total 1398272K, used 935882K [0x0000000080000000, 0x00000000d5580000, 0x00000000d5580000)
  object space 1398272K, 66% used [0x0000000080000000,0x00000000b91f2bf8,0x00000000d5580000)
 Metaspace       used 91276K, committed 92992K, reserved 1179648K
  class space    used 9282K, committed 10112K, reserved 1048576K
}
Event: 9957.769 GC heap after
{Heap after GC invocations=6767 (full 6):
 PSYoungGen      total 8192K, used 244K [0x00000000d5580000, 0x00000000d5f80000, 0x0000000100000000)
  eden space 7680K, 0% used [0x00000000d5580000,0x00000000d5580000,0x00000000d5d00000)
  from space 512K, 47% used [0x00000000d5f00000,0x00000000d5f3d200,0x00000000d5f80000)
  to   space 512K, 0% used [0x00000000d5d00000,0x00000000d5d00000,0x00000000d5d80000)
 ParOldGen       total 1398272K, used 935890K [0x0000000080000000, 0x00000000d5580000, 0x00000000d5580000)
  object space 1398272K, 66% used [0x0000000080000000,0x00000000b91f4bf8,0x00000000d5580000)
 Metaspace       used 91276K, committed 92992K, reserved 1179648K
  class space    used 9282K, committed 10112K, reserved 1048576K
}
Event: 9957.787 GC heap before
{Heap before GC invocations=6768 (full 6):
 PSYoungGen      total 8192K, used 7924K [0x00000000d5580000, 0x00000000d5f80000, 0x0000000100000000)
  eden space 7680K, 100% used [0x00000000d5580000,0x00000000d5d00000,0x00000000d5d00000)
  from space 512K, 47% used [0x00000000d5f00000,0x00000000d5f3d200,0x00000000d5f80000)
  to   space 512K, 0% used [0x00000000d5d00000,0x00000000d5d00000,0x00000000d5d80000)
 ParOldGen       total 1398272K, used 935890K [0x0000000080000000, 0x00000000d5580000, 0x00000000d5580000)
  object space 1398272K, 66% used [0x0000000080000000,0x00000000b91f4bf8,0x00000000d5580000)
 Metaspace       used 91276K, committed 92992K, reserved 1179648K
  class space    used 9282K, committed 10112K, reserved 1048576K
}
Event: 9957.793 GC heap after
{Heap after GC invocations=6768 (full 6):
 PSYoungGen      total 8192K, used 512K [0x00000000d5580000, 0x00000000d6000000, 0x0000000100000000)
  eden space 7680K, 0% used [0x00000000d5580000,0x00000000d5580000,0x00000000d5d00000)
  from space 512K, 100% used [0x00000000d5d00000,0x00000000d5d80000,0x00000000d5d80000)
  to   space 1536K, 0% used [0x00000000d5e80000,0x00000000d5e80000,0x00000000d6000000)
 ParOldGen       total 1398272K, used 936376K [0x0000000080000000, 0x00000000d5580000, 0x00000000d5580000)
  object space 1398272K, 66% used [0x0000000080000000,0x00000000b926e398,0x00000000d5580000)
 Metaspace       used 91276K, committed 92992K, reserved 1179648K
  class space    used 9282K, committed 10112K, reserved 1048576K
}
Event: 9957.836 GC heap before
{Heap before GC invocations=6769 (full 6):
 PSYoungGen      total 8192K, used 8191K [0x00000000d5580000, 0x00000000d6000000, 0x0000000100000000)
  eden space 7680K, 99% used [0x00000000d5580000,0x00000000d5cfffe8,0x00000000d5d00000)
  from space 512K, 100% used [0x00000000d5d00000,0x00000000d5d80000,0x00000000d5d80000)
  to   space 1536K, 0% used [0x00000000d5e80000,0x00000000d5e80000,0x00000000d6000000)
 ParOldGen       total 1398272K, used 936376K [0x0000000080000000, 0x00000000d5580000, 0x00000000d5580000)
  object space 1398272K, 66% used [0x0000000080000000,0x00000000b926e398,0x00000000d5580000)
 Metaspace       used 91285K, committed 92992K, reserved 1179648K
  class space    used 9282K, committed 10112K, reserved 1048576K
}
Event: 9957.842 GC heap after
{Heap after GC invocations=6769 (full 6):
 PSYoungGen      total 8704K, used 832K [0x00000000d5580000, 0x00000000d5f80000, 0x0000000100000000)
  eden space 7680K, 0% used [0x00000000d5580000,0x00000000d5580000,0x00000000d5d00000)
  from space 1024K, 81% used [0x00000000d5e80000,0x00000000d5f50000,0x00000000d5f80000)
  to   space 1024K, 0% used [0x00000000d5d80000,0x00000000d5d80000,0x00000000d5e80000)
 ParOldGen       total 1398272K, used 936880K [0x0000000080000000, 0x00000000d5580000, 0x00000000d5580000)
  object space 1398272K, 67% used [0x0000000080000000,0x00000000b92ec3a8,0x00000000d5580000)
 Metaspace       used 91285K, committed 92992K, reserved 1179648K
  class space    used 9282K, committed 10112K, reserved 1048576K
}

